<?xml version="1.0" encoding="UTF-8"?>
<!-- Generated by org.testng.reporters.JUnitReportReporter -->
<testsuite hostname="LTILBOM22701191" failures="0" tests="1" name="RSH.RestAssuredLEarningWithRSH.sumValidation" time="1.531" errors="0" timestamp="2022-01-13T23:30:11 IST" skipped="0">
  <testcase classname="RSH.RestAssuredLEarningWithRSH.sumValidation" name="sumOfValidation" time="1.531"/>
  <system-out/>
</testsuite> <!-- RSH.RestAssuredLEarningWithRSH.sumValidation -->
