<?xml version="1.0" encoding="UTF-8"?>
<!-- Generated by org.testng.reporters.JUnitReportReporter -->
<testsuite hostname="LTILBOM22701191" failures="0" tests="3" name="RSH.RestAssuredLEarningWithRSH.dynamicJson" time="11.705" errors="0" timestamp="2022-01-20T11:54:33 IST" skipped="0">
  <testcase classname="RSH.RestAssuredLEarningWithRSH.dynamicJson" name="addAddress" time="2.917"/>
  <system-out/>
  <testcase classname="RSH.RestAssuredLEarningWithRSH.dynamicJson" name="addAddress" time="5.783"/>
  <system-out/>
  <testcase classname="RSH.RestAssuredLEarningWithRSH.dynamicJson" name="addAddress" time="3.005"/>
  <system-out/>
</testsuite> <!-- RSH.RestAssuredLEarningWithRSH.dynamicJson -->
